# 276 nearby galaxies from Marc's old list.  Also added WLM,
# ESO 084-G014, and UGC 8053, which seem to be missing from this 
# list but are included in the proposal.
# 1996sep11  JEB

# gl, gb, index, v (km/s), flag (1=keck , 2=cycle 8, 3=archive, 4=seitzer)

    4.51  -77.18   275   264   0
   10.69  -74.54   273   317   0
   11.86  -70.86   271   113   0
   21.06  -16.29   260    29   0
   23.31   78.98   228   241   0
   25.34  -18.39   261    93   3
   25.55   70.47   247   150   0
   30.53  -47.67   266    82   0
   34.05  -31.34   264    89   0
   34.75   89.40   199   324   0
   69.73   73.96   238   319   0
   74.76   -0.98   262   433   0
   75.85  -73.63   276    -4   3
   77.79   73.45   237   299   0
   82.01   64.48   249   352   0
   85.65  -42.05   269   366   0
   86.37   34.72   257   178   3
   89.73   73.13   231   323   0
   94.75  -43.55   272   298   0
   95.72   11.68   263   645   0
   97.33  -87.97    14   327   0
   97.74  -60.18     0   183   0
   98.71   54.72   251   530   0
  100.56   30.64   259   543   2
  100.82   60.19   244   533   0
  100.85   61.77   240   111   0
  101.01   56.47   248   599   0
  101.25  -84.76    11   473   0
  101.60   59.49   245   576   0
  101.74   60.20   242   422   0
  102.04   59.78   243   503   3
  103.71   60.80   239   392   0
  103.93   67.61   222   546   0
  104.95   44.80   254   135   3
  106.40   74.36   212   499   0
  107.41   64.19   223   450   0
  107.70   79.10   205   381   0
  108.82   60.33   232   118   0
  110.36   72.58   208   538   0
  110.75   70.66   211   344   0
  111.14   61.31   220   305   0
  111.55   69.09   213   424   0
  111.61   70.32   210   316   0
  113.51   58.00   219   476   0
  114.02  -83.56    13   281   0
  114.60   70.04   207   370   0
  118.62  -19.26     4   763   0
  118.97   -3.34     3   247   3
  119.31  -26.25     6   282   0
  119.51  -83.87    15   419   0
  119.82  -14.25     5   395   3
  120.71  -21.13     8   328   3
  120.74   49.36   206   372   0
  120.79  -14.48     7   375   3
  121.16  -21.97     9   360   0
  121.17  -21.57    10   260   3
  121.69  -24.85    12   281   0
  123.39   76.02   198   393   0
  125.33   55.47   192   419   0
  126.75  -40.89    19   180   3
  127.05  -27.01    23   477   0
  127.41   47.35   174   335   0
  127.84   37.33   155   313   3
  127.93   46.30   166   167   0
  128.31  -40.77    22   345   0
  128.41   80.60   195   368   0
  128.43  -46.02    21   578   0
  128.87  -29.17    25   262   0
  129.72  -60.56    20    82   0
  132.01   78.47   193   409   0
  132.34  -60.40    24    81   0
  133.19   69.17   189   516   0
  133.22   88.76   196   467   0
  133.60  -31.34    26   296   3
  134.17   68.08   183   423   0
  135.22   64.06   173   346   0
  135.38   44.13   152   163   0
  135.83   -0.57    32   502   0
  136.50   -0.33    35   503   0
  136.61   13.21    53   244   0
  136.83   72.41   186   300   0
  136.86  -28.70    29   628   0
  136.88   44.23   148   437   0
  137.09    9.78    45   248   0
  137.20    9.86    46   248   0
  137.79   72.95   185   290   1
  137.79   72.95   185   290   2
  137.81   10.50    51   245   0
  137.85    9.70    48   246   0
  137.90   42.19   142   371   0
  137.92    8.40    44   248   0
  138.18   10.58    52   512   1
  138.18   10.58    52   512   2
  138.22   12.17    54   242   0
  138.37   16.01    62   420   1
  138.44   69.06   178   389   0
  138.53    9.10    49   245   0
  138.91   63.05   162   385   0
  139.44   12.07    58   238   0
  139.77   10.64    56   548   0
  140.03   40.80   128   670   0
  140.08   11.09    57   238   0
  140.13   34.45    96   184   0
  140.21   43.61   140   357   1
  140.57   47.65   151   139   0
  140.67   47.70   150   139   0
  140.69   47.62   149   139   0
  140.72   38.65   106   480   1
  140.90   47.12   146   623   0
  140.90  -31.58    31   635   0
  141.13   43.99   139   151   0
  141.24   47.49   147   138   0
  141.41   40.57   116   529   0
  141.73   40.92   117   160   0
  141.74   47.70   145   137   0
  141.80   35.15    98   178   0
  141.89   41.66   122   326   0
  141.92   41.71   123   358   0
  141.97   41.07   118   364   1
  142.05   45.71   144   143   0
  142.09   40.90   115   285   0
  142.13   40.24   110   466   0
  142.31   42.04   125   155   3
  142.32   40.83   113   279   0
  142.36   40.21   109   161   0
  142.59   42.49   133   153   0
  142.62   41.15   114   232   0
  143.16   69.01   165   381   0
  143.31   27.00    75   196   0
  143.69   11.24    61   349   0
  143.82   32.96    92   471   0
  143.91   40.90   108   319   1
  144.13   43.09   127   147   0
  144.29   32.69    91   511   1
  144.55   59.32   157   412   0
  144.71   10.51    63   336   0
  144.96   34.39    95   497   0
  146.44   28.53    82   461   1
  146.46   28.49    81   377   0
  147.12   78.79   187   309   0
  148.54   13.65    66   510   0
  148.62   78.74   184   249   0
  148.69   83.71   191   299   0
  149.09   28.96    84   173   0
  149.30   34.95    94   329   0
  150.57   29.18    86   460   0
  151.01   80.15   188   321   0
  151.23  -13.68    41   681   0
  151.89   63.28   156   367   0
  154.57   77.16   175   270   0
  156.32  -29.20    37   715   0
  157.56   66.44   158   298   0
  160.30   78.07   172   302   0
  160.62   77.58   170   245   0
  161.13   78.05   171   294   0
  162.05   81.55   182   306   0
  163.21   77.69   168   173   0
  164.34   84.01   190   306   0
  166.25   72.74   160   273   0
  166.33  -32.74    38   605   1
  166.78  -31.82    43   633   1
  172.94   24.11    80   599   0
  172.95   21.80    78   600   0
  172.96   21.62    77   592   2
  173.81   33.04    90   574   0
  174.31  -27.30    55   484   0
  177.31   17.29    74   531   0
  177.81   23.93    83   469   2
  179.15   35.21    93   472   0
  179.23   26.17    87   460   0
  180.77   10.51    71   577   2
  184.27  -46.45    40   398   0
  188.16   80.04   164   205   0
  189.52   82.49   179   280   0
  190.44   80.46   167   188   0
  190.47   38.76    97   389   2
  194.09   49.51   107   489   0
  195.42   50.55   111   453   1
  195.51   83.53   180   465   0
  196.91   52.41   120   -53   0
  198.57  -16.93    67   470   0
  199.40   53.40   130   405   0
  199.89   51.62   119   407   1
  200.00   -8.41    70   351   0
  200.63  -12.30    69   282   0
  203.10   18.53    88   138   1
  203.10   18.53    88   138   2
  203.31   79.73   163   431   0
  203.74   59.21   143   425   0
  206.02    9.71    79   163   2
  207.01   20.90    89   170   1
  207.01   20.90    89   170   2
  207.35   41.75   102   332   0
  207.64   37.59    99   316   0
  207.74   78.30   161   410   0
  208.72   44.53   104   391   1
  208.72   44.53   104   391   2
  208.74   44.69   105   282   0
  209.71  -50.56    50   448   0
  212.92   57.33   141   365   0
  215.59   84.16   181   251   0
  220.14   67.23   153   -73   0
  222.61   75.54   159   393   0
  225.99   49.11   136   -99   1
  228.38   47.95   135   249   0
  228.69   43.24   112   250   0
  233.21   43.78   121   -30   1
  235.12  -14.30    72   104   0
  237.28  -65.66    34   -83   3
  240.15   41.87   132  -186   3
  241.91   81.05   176   279   0
  243.50   42.27   138  -194   0
  245.66   37.45   124   229   0
  246.17   39.86   137   -94   0
  247.78   36.77   131   220   0
  248.12   36.69   134   271   0
  250.64   16.66   100   205   0
  251.97   16.35   101   180   0
  260.11  -22.22    73  -278   3
  261.07  -38.74    64   226   3
  261.29  -51.54    47   325   0
  262.10   23.07   126  -150   1
  263.10   22.32   129  -198   0
  265.30  -52.67    42   257   0
  266.35  -44.60    59   330   0
  266.45  -44.43    60   321   0
  268.96  -21.15    76    14   0
  271.81  -54.32    36   269   0
  272.49  -68.82    30  -110   0
  273.06  -70.28    28   241   0
  273.66  -73.13    27   271   0
  276.04  -40.23   277   323   0
  279.78  -21.48    85   -19   0
  280.47  -32.89    68  -208   3
  281.20   26.10   154   148   3
  282.23  -35.15    65  -198   0
  282.78  -51.43    33   172   0
  283.37  -44.64    39    71   2
  287.52  -83.15    18   178   0
  291.96  -18.35   103   -90   0
  294.85   24.05   169    41   0
  299.14  -79.41    17    88   0
  301.41  -16.95   177  -109   0
  301.64   29.02   194    52   0
  302.78   49.42   197   -71   2
  302.80  -44.30    16  -215   0
  305.27   13.34   204    -2   0
  305.72   66.86   278   564   0
  305.83   66.66   201   343   0
  307.17   19.31   209    -6   0
  309.51   19.43   216     0   0
  309.73   25.84   215   -64   0
  310.15   82.03   200   288   0
  310.18   20.89   218   -12   0
  310.19   14.12   221    36   0
  310.76   76.98   203    37   0
  311.33   -3.80   246   -94   0
  311.48   41.37   214   233   0
  311.88   19.21   227  -194   0
  311.92   31.89   217  -209   0
  313.50   19.90   234    28   0
  314.58   31.97   225    46   0
  314.61   32.61   224   102   0
  314.86   30.11   229   -75   0
  315.11   33.73   226   126   0
  315.67   32.77   230   279   0
  315.72   31.70   233    13   0
  315.74   84.42   202   304   0
  315.85   25.35   236  -156   0
  316.68   29.10   235     0   0
  317.15   19.49   241    15   0
  319.82   13.37   250   -93   0
  322.48  -62.24   274   408   0
  322.90  -47.37   268  -135   3
  323.03   13.74   252   132   0
  324.11    9.17   253   126   0
  325.16  -35.82   265   258   0
  326.10   -7.42   256   174   0
  326.80    9.33   255    79   0
  328.55  -17.84   258   -78   0
  332.79  -75.74     2    85   0
  343.93  -50.19   267   -18   0
  348.86  -66.42   270   -29   0
  351.43  -78.11     1   217   0
  351.48  -78.12   000   000   4
  332.67  -75.74   000   000   4
  357.84  -80.71   000   000   4
   73.60  -81.53   000   000   4
  101.20  -84.76   000   000   4
  119.78  -80.93   000   000   4
  121.01  -82.77   000   000   4
  119.39  -83.88   000   000   4
  129.57    7.10   000   000   4
  135.85   -0.85   000   000   4
  135.86   -0.55   000   000   4
  136.07   -0.91   000   000   4
  136.50   -0.33   000   000   4
  138.16   -0.19   000   000   4
  138.52   -0.11   000   000   4
  282.91  -44.55   000   000   4
  148.81   -6.84   000   000   4
  139.76   10.65   000   000   4
  137.25   16.20   000   000   4
  138.37   16.02   000   000   4
  144.71   10.51   000   000   4
  143.38   14.42   000   000   4
  198.76  -12.23   000   000   4
  149.09   28.96   000   000   4
  144.96   34.38   000   000   4
  144.18   41.36   000   000   4
  142.50   41.28   000   000   4
  263.10   22.31   000   000   4
  144.13   43.10   000   000   4
  247.88   36.82   000   000   4
  142.59   42.48   000   000   4
  273.29   13.78   000   000   4
  141.14   44.00   000   000   4
  142.05   45.71   000   000   4
  234.48   58.06   000   000   4
  280.81   26.12   000   000   4
  263.30   75.88   000   000   4
  199.24   82.56   000   000   4
  137.84   69.23   000   000   4
  300.87   21.67   000   000   4
  129.33   85.13   000   000   4
   35.06   89.41   000   000   4
  306.97   17.81   000   000   4
  310.42   28.85   000   000   4
   23.26   78.98   000   000   4
  316.94   31.39   000   000   4
   77.79   73.45   000   000   4
   63.72   71.99   000   000   4
   25.57   70.47   000   000   4
  100.54   30.36   000   000   4
  328.55  -17.84   000   000   4
  334.45  -26.31   000   000   4
   95.63   12.31   000   000   4
  343.92  -50.19   000   000   4
   17.73  -61.28   000   000   4
  109.46   -9.95   000   000   4
   11.87  -70.86   000   000   4
   10.69  -74.53   000   000   4
  140.63  -31.67   000   000   4
  139.31    4.84   000   000   4
  138.20   10.31   000   000   4
  156.85   68.98   000   000   4
  127.67   73.40   000   000   4
  307.18   20.86   000   000   4
  310.31   30.92   000   000   4
  308.92   19.98   000   000   4
  311.26   31.36   000   000   4
  311.88   19.22   000   000   4
  312.21   16.75   000   000   4
  312.86   16.13   000   000   4
  281.14  -21.37   000   000   4
  293.10   69.72   000   000   4
  302.75   49.41   000   000   4
  307.87   74.75   000   000   4
  355.80  -54.14   000   000   4







